<?xml version="1.0" encoding="utf-8"?><testsuite errors="0" failures="0" name="pytest" skips="0" tests="3" time="0.044"><testcase classname="tests.test_generator" file="tests\test_generator.py" line="4" name="test_sample_single_word" time="0.0"></testcase><testcase classname="tests.test_generator" file="tests\test_generator.py" line="9" name="test_sample_multiple_words" time="0.000999927520752"></testcase><testcase classname="tests.test_generator" file="tests\test_generator.py" line="17" name="test_generate_buzz_of_at_least_five_words" time="0.00200009346008"></testcase></testsuite>